{"/Users/khallilbailey/dev/MakeSchool/FEW-2.1/Libraries/Math/index.js": {"path":"/Users/khallilbailey/dev/MakeSchool/FEW-2.1/Libraries/Math/index.js","statementMap":{"0":{"start":{"line":1,"column":0},"end":{"line":1,"column":42}},"1":{"start":{"line":3,"column":0},"end":{"line":5,"column":2}},"2":{"start":{"line":4,"column":2},"end":{"line":4,"column":26}},"3":{"start":{"line":7,"column":0},"end":{"line":9,"column":2}},"4":{"start":{"line":8,"column":2},"end":{"line":8,"column":26}},"5":{"start":{"line":11,"column":0},"end":{"line":13,"column":2}},"6":{"start":{"line":12,"column":2},"end":{"line":12,"column":25}},"7":{"start":{"line":15,"column":0},"end":{"line":32,"column":2}},"8":{"start":{"line":16,"column":2},"end":{"line":18,"column":3}},"9":{"start":{"line":17,"column":4},"end":{"line":17,"column":51}},"10":{"start":{"line":20,"column":17},"end":{"line":20,"column":29}},"11":{"start":{"line":21,"column":22},"end":{"line":21,"column":39}},"12":{"start":{"line":22,"column":2},"end":{"line":22,"column":54}},"13":{"start":{"line":24,"column":2},"end":{"line":26,"column":3}},"14":{"start":{"line":25,"column":4},"end":{"line":25,"column":25}},"15":{"start":{"line":27,"column":2},"end":{"line":29,"column":3}},"16":{"start":{"line":28,"column":4},"end":{"line":28,"column":55}},"17":{"start":{"line":31,"column":2},"end":{"line":31,"column":31}},"18":{"start":{"line":34,"column":0},"end":{"line":36,"column":2}},"19":{"start":{"line":35,"column":2},"end":{"line":35,"column":32}},"20":{"start":{"line":38,"column":0},"end":{"line":40,"column":2}},"21":{"start":{"line":39,"column":2},"end":{"line":39,"column":32}},"22":{"start":{"line":42,"column":0},"end":{"line":62,"column":2}},"23":{"start":{"line":43,"column":2},"end":{"line":52,"column":3}},"24":{"start":{"line":45,"column":4},"end":{"line":49,"column":5}},"25":{"start":{"line":46,"column":6},"end":{"line":46,"column":43}},"26":{"start":{"line":47,"column":6},"end":{"line":47,"column":18}},"27":{"start":{"line":48,"column":6},"end":{"line":48,"column":26}},"28":{"start":{"line":50,"column":4},"end":{"line":50,"column":42}},"29":{"start":{"line":51,"column":4},"end":{"line":51,"column":23}},"30":{"start":{"line":54,"column":2},"end":{"line":59,"column":3}},"31":{"start":{"line":56,"column":4},"end":{"line":56,"column":43}},"32":{"start":{"line":57,"column":4},"end":{"line":57,"column":16}},"33":{"start":{"line":58,"column":4},"end":{"line":58,"column":26}},"34":{"start":{"line":60,"column":2},"end":{"line":60,"column":42}},"35":{"start":{"line":61,"column":2},"end":{"line":61,"column":23}},"36":{"start":{"line":64,"column":0},"end":{"line":66,"column":2}},"37":{"start":{"line":65,"column":2},"end":{"line":65,"column":22}},"38":{"start":{"line":68,"column":0},"end":{"line":70,"column":2}},"39":{"start":{"line":69,"column":2},"end":{"line":69,"column":30}},"40":{"start":{"line":72,"column":0},"end":{"line":75,"column":2}},"41":{"start":{"line":73,"column":17},"end":{"line":73,"column":31}},"42":{"start":{"line":74,"column":2},"end":{"line":74,"column":67}},"43":{"start":{"line":77,"column":0},"end":{"line":85,"column":2}},"44":{"start":{"line":83,"column":21},"end":{"line":83,"column":42}},"45":{"start":{"line":84,"column":2},"end":{"line":84,"column":72}},"46":{"start":{"line":87,"column":0},"end":{"line":92,"column":2}},"47":{"start":{"line":88,"column":2},"end":{"line":91,"column":4}}},"fnMap":{"0":{"name":"round","decl":{"start":{"line":3,"column":34},"end":{"line":3,"column":39}},"loc":{"start":{"line":3,"column":42},"end":{"line":5,"column":1}},"line":3},"1":{"name":"floor","decl":{"start":{"line":7,"column":34},"end":{"line":7,"column":39}},"loc":{"start":{"line":7,"column":42},"end":{"line":9,"column":1}},"line":7},"2":{"name":"ceiling","decl":{"start":{"line":11,"column":36},"end":{"line":11,"column":43}},"loc":{"start":{"line":11,"column":46},"end":{"line":13,"column":1}},"line":11},"3":{"name":"pad","decl":{"start":{"line":15,"column":32},"end":{"line":15,"column":35}},"loc":{"start":{"line":15,"column":49},"end":{"line":32,"column":1}},"line":15},"4":{"name":"degToRad","decl":{"start":{"line":34,"column":37},"end":{"line":34,"column":45}},"loc":{"start":{"line":34,"column":48},"end":{"line":36,"column":1}},"line":34},"5":{"name":"radToDeg","decl":{"start":{"line":38,"column":37},"end":{"line":38,"column":45}},"loc":{"start":{"line":38,"column":48},"end":{"line":40,"column":1}},"line":38},"6":{"name":"toDollars","decl":{"start":{"line":42,"column":38},"end":{"line":42,"column":47}},"loc":{"start":{"line":42,"column":55},"end":{"line":62,"column":1}},"line":42},"7":{"name":"tax","decl":{"start":{"line":64,"column":32},"end":{"line":64,"column":35}},"loc":{"start":{"line":64,"column":49},"end":{"line":66,"column":1}},"line":64},"8":{"name":"withTax","decl":{"start":{"line":68,"column":36},"end":{"line":68,"column":43}},"loc":{"start":{"line":68,"column":57},"end":{"line":70,"column":1}},"line":68},"9":{"name":"interest","decl":{"start":{"line":72,"column":37},"end":{"line":72,"column":45}},"loc":{"start":{"line":72,"column":65},"end":{"line":75,"column":1}},"line":72},"10":{"name":"calculateInterest","decl":{"start":{"line":77,"column":46},"end":{"line":77,"column":63}},"loc":{"start":{"line":82,"column":2},"end":{"line":85,"column":1}},"line":82},"11":{"name":"mortage","decl":{"start":{"line":87,"column":36},"end":{"line":87,"column":43}},"loc":{"start":{"line":87,"column":75},"end":{"line":92,"column":1}},"line":87}},"branchMap":{"0":{"loc":{"start":{"line":16,"column":2},"end":{"line":18,"column":3}},"type":"if","locations":[{"start":{"line":16,"column":2},"end":{"line":18,"column":3}},{"start":{"line":16,"column":2},"end":{"line":18,"column":3}}],"line":16},"1":{"loc":{"start":{"line":16,"column":6},"end":{"line":16,"column":27}},"type":"binary-expr","locations":[{"start":{"line":16,"column":6},"end":{"line":16,"column":14}},{"start":{"line":16,"column":18},"end":{"line":16,"column":27}}],"line":16},"2":{"loc":{"start":{"line":24,"column":2},"end":{"line":26,"column":3}},"type":"if","locations":[{"start":{"line":24,"column":2},"end":{"line":26,"column":3}},{"start":{"line":24,"column":2},"end":{"line":26,"column":3}}],"line":24},"3":{"loc":{"start":{"line":24,"column":6},"end":{"line":24,"column":43}},"type":"binary-expr","locations":[{"start":{"line":24,"column":6},"end":{"line":24,"column":15}},{"start":{"line":24,"column":19},"end":{"line":24,"column":43}}],"line":24},"4":{"loc":{"start":{"line":27,"column":2},"end":{"line":29,"column":3}},"type":"if","locations":[{"start":{"line":27,"column":2},"end":{"line":29,"column":3}},{"start":{"line":27,"column":2},"end":{"line":29,"column":3}}],"line":27},"5":{"loc":{"start":{"line":43,"column":2},"end":{"line":52,"column":3}},"type":"if","locations":[{"start":{"line":43,"column":2},"end":{"line":52,"column":3}},{"start":{"line":43,"column":2},"end":{"line":52,"column":3}}],"line":43},"6":{"loc":{"start":{"line":43,"column":6},"end":{"line":43,"column":29}},"type":"binary-expr","locations":[{"start":{"line":43,"column":6},"end":{"line":43,"column":16}},{"start":{"line":43,"column":20},"end":{"line":43,"column":29}}],"line":43},"7":{"loc":{"start":{"line":45,"column":4},"end":{"line":49,"column":5}},"type":"if","locations":[{"start":{"line":45,"column":4},"end":{"line":49,"column":5}},{"start":{"line":45,"column":4},"end":{"line":49,"column":5}}],"line":45},"8":{"loc":{"start":{"line":54,"column":2},"end":{"line":59,"column":3}},"type":"if","locations":[{"start":{"line":54,"column":2},"end":{"line":59,"column":3}},{"start":{"line":54,"column":2},"end":{"line":59,"column":3}}],"line":54}},"s":{"0":1,"1":1,"2":3,"3":1,"4":3,"5":1,"6":3,"7":1,"8":7,"9":0,"10":7,"11":7,"12":7,"13":7,"14":2,"15":7,"16":7,"17":7,"18":1,"19":4,"20":1,"21":4,"22":1,"23":5,"24":2,"25":1,"26":1,"27":1,"28":1,"29":1,"30":3,"31":1,"32":1,"33":1,"34":2,"35":2,"36":1,"37":3,"38":1,"39":3,"40":1,"41":0,"42":0,"43":1,"44":2,"45":2,"46":1,"47":2},"f":{"0":3,"1":3,"2":3,"3":7,"4":4,"5":4,"6":5,"7":3,"8":3,"9":0,"10":2,"11":2},"b":{"0":[0,7],"1":[7,7],"2":[2,5],"3":[7,5],"4":[7,0],"5":[2,3],"6":[5,4],"7":[1,1],"8":[1,2]},"_coverageSchema":"43e27e138ebf9cfc5966b082cf9a028302ed4184","hash":"300c7e27188feb751260ef95d85138d6e26d44bb"}
}
