TN:
SF:/Users/khallilbailey/dev/MakeSchool/FEW-2.1/Libraries/Math/index.js
FN:3,round
FN:7,floor
FN:11,ceiling
FN:15,pad
FN:34,degToRad
FN:38,radToDeg
FN:42,toDollars
FN:64,tax
FN:68,withTax
FN:72,interest
FN:77,calculateInterest
FN:87,mortage
FNF:12
FNH:11
FNDA:3,round
FNDA:3,floor
FNDA:3,ceiling
FNDA:7,pad
FNDA:4,degToRad
FNDA:4,radToDeg
FNDA:5,toDollars
FNDA:3,tax
FNDA:3,withTax
FNDA:0,interest
FNDA:2,calculateInterest
FNDA:2,mortage
DA:1,1
DA:3,1
DA:4,3
DA:7,1
DA:8,3
DA:11,1
DA:12,3
DA:15,1
DA:16,7
DA:17,0
DA:20,7
DA:21,7
DA:22,7
DA:24,7
DA:25,2
DA:27,7
DA:28,7
DA:31,7
DA:34,1
DA:35,4
DA:38,1
DA:39,4
DA:42,1
DA:43,5
DA:45,2
DA:46,1
DA:47,1
DA:48,1
DA:50,1
DA:51,1
DA:54,3
DA:56,1
DA:57,1
DA:58,1
DA:60,2
DA:61,2
DA:64,1
DA:65,3
DA:68,1
DA:69,3
DA:72,1
DA:73,0
DA:74,0
DA:77,1
DA:83,2
DA:84,2
DA:87,1
DA:88,2
LF:48
LH:45
BRDA:16,0,0,0
BRDA:16,0,1,7
BRDA:16,1,0,7
BRDA:16,1,1,7
BRDA:24,2,0,2
BRDA:24,2,1,5
BRDA:24,3,0,7
BRDA:24,3,1,5
BRDA:27,4,0,7
BRDA:27,4,1,0
BRDA:43,5,0,2
BRDA:43,5,1,3
BRDA:43,6,0,5
BRDA:43,6,1,4
BRDA:45,7,0,1
BRDA:45,7,1,1
BRDA:54,8,0,1
BRDA:54,8,1,2
BRF:18
BRH:16
end_of_record
